<?xml version="1.0" encoding="UTF-8"?>
<!-- Generated by org.testng.reporters.JUnitXMLReporter -->
<testsuite ignored="0" hostname="BADAHA" failures="0" tests="9" name="Default test" time="149.094" errors="0" timestamp="2025-09-20T15:20:48 EEST">
  <testcase classname="Test_Classes.LoginPage_Test" name="upload_Pic" time="14.879"/>
  <testcase classname="Test_Classes.LoginPage_Test" name="update_Pic" time="23.049"/>
  <testcase classname="Test_Classes.LoginPage_Test" name="add_Pic_frame" time="11.503"/>
  <testcase classname="Test_Classes.LoginPage_Test" name="remove_Pic_frame" time="8.3"/>
  <testcase classname="Test_Classes.LoginPage_Test" name="Change_Pic_Privacy" time="6.224"/>
  <testcase classname="Test_Classes.LoginPage_Test" name="delete_Profile_Pictrue" time="7.242"/>
  <testcase classname="Test_Classes.LoginPage_Test" name="Add_Experiance" time="38.079"/>
  <testcase classname="Test_Classes.LoginPage_Test" name="Delete_Experiance" time="19.036"/>
  <testcase classname="Test_Classes.LoginPage_Test" name="LogOut" time="10.41"/>
</testsuite> <!-- Default test -->
