<?xml version="1.0" encoding="UTF-8"?>
<testng-results ignored="0" total="1" passed="1" failed="0" skipped="0">
  <reporter-output>
  </reporter-output>
  <suite started-at="2025-09-21T15:38:38 EEST" name="Default suite" finished-at="2025-09-21T15:39:16 EEST" duration-ms="38228">
    <groups>
    </groups>
    <test started-at="2025-09-21T15:38:38 EEST" name="Default test" finished-at="2025-09-21T15:39:16 EEST" duration-ms="38228">
      <class name="Pages.SendConnection">
        <test-method is-config="true" signature="setup()[pri:0, instance:Pages.SendConnection@3fc2959f]" started-at="2025-09-21T15:38:38 EEST" name="setup" finished-at="2025-09-21T15:38:52 EEST" duration-ms="14429" status="PASS">
          <reporter-output>
          </reporter-output>
        </test-method> <!-- setup -->
        <test-method signature="sendConnections()[pri:0, instance:Pages.SendConnection@3fc2959f]" started-at="2025-09-21T15:38:52 EEST" name="sendConnections" finished-at="2025-09-21T15:39:14 EEST" duration-ms="22261" status="PASS">
          <reporter-output>
          </reporter-output>
        </test-method> <!-- sendConnections -->
        <test-method is-config="true" signature="teardown()[pri:0, instance:Pages.SendConnection@3fc2959f]" started-at="2025-09-21T15:39:14 EEST" name="teardown" finished-at="2025-09-21T15:39:16 EEST" duration-ms="1448" status="PASS">
          <reporter-output>
          </reporter-output>
        </test-method> <!-- teardown -->
      </class> <!-- Pages.SendConnection -->
    </test> <!-- Default test -->
  </suite> <!-- Default suite -->
</testng-results>
